app/build/intermediates/manifest_merge_blame_file/release/processReleaseMainManifest/manifest-merger-blame-release-report.txt
1<?xml version="1.0" encoding="utf-8"?>
2<manifest xmlns:android="http://schemas.android.com/apk/res/android"
3    package="com.minik.launcher"
4    android:versionCode="2"
5    android:versionName="2.0" >
6
7    <uses-sdk
8        android:minSdkVersion="24"
9        android:targetSdkVersion="36" />
10
11    <uses-permission android:name="android.permission.QUERY_ALL_PACKAGES" />
11-->src\main\AndroidManifest.xml:5:5-6:53
11-->src\main\AndroidManifest.xml:5:22-74
12    <uses-permission android:name="android.permission.REQUEST_DELETE_PACKAGES" />
12-->src\main\AndroidManifest.xml:7:5-82
12-->src\main\AndroidManifest.xml:7:22-79
13
14    <application
14-->src\main\AndroidManifest.xml:9:5-28:19
15        android:allowBackup="false"
15-->src\main\AndroidManifest.xml:10:9-36
16        android:extractNativeLibs="false"
17        android:icon="@drawable/ic_launcher"
17-->src\main\AndroidManifest.xml:11:9-45
18        android:label="Minik"
18-->src\main\AndroidManifest.xml:12:9-30
19        android:supportsRtl="true"
19-->src\main\AndroidManifest.xml:13:9-35
20        android:theme="@android:style/Theme.DeviceDefault.Wallpaper.NoTitleBar" >
20-->src\main\AndroidManifest.xml:14:9-80
21        <activity
21-->src\main\AndroidManifest.xml:16:9-27:20
22            android:name="com.minik.launcher.MainActivity"
22-->src\main\AndroidManifest.xml:17:13-41
23            android:exported="true"
23-->src\main\AndroidManifest.xml:18:13-36
24            android:launchMode="singleTask"
24-->src\main\AndroidManifest.xml:19:13-44
25            android:stateNotNeeded="true" >
25-->src\main\AndroidManifest.xml:20:13-42
26            <intent-filter>
26-->src\main\AndroidManifest.xml:21:13-26:29
27                <action android:name="android.intent.action.MAIN" />
27-->src\main\AndroidManifest.xml:22:17-69
27-->src\main\AndroidManifest.xml:22:25-66
28
29                <category android:name="android.intent.category.HOME" />
29-->src\main\AndroidManifest.xml:23:17-73
29-->src\main\AndroidManifest.xml:23:27-70
30                <category android:name="android.intent.category.DEFAULT" />
30-->src\main\AndroidManifest.xml:24:17-76
30-->src\main\AndroidManifest.xml:24:27-73
31                <category android:name="android.intent.category.LAUNCHER" />
31-->src\main\AndroidManifest.xml:25:17-77
31-->src\main\AndroidManifest.xml:25:27-74
32            </intent-filter>
33        </activity>
34    </application>
35
36</manifest>